0 info it worked if it ends with ok
1 verbose cli [ '/Users/e191767/.nvm/versions/node/v7.0.0/bin/node',
1 verbose cli   '/Users/e191767/.nvm/versions/node/v7.0.0/bin/npm',
1 verbose cli   'i' ]
2 info using npm@3.10.8
3 info using node@v7.0.0
4 silly loadCurrentTree Starting
5 silly install loadCurrentTree
6 silly install readLocalPackageData
7 silly install normalizeTree
8 silly loadCurrentTree Finishing
9 silly loadIdealTree Starting
10 silly install loadIdealTree
11 silly cloneCurrentTree Starting
12 silly install cloneCurrentTreeToIdealTree
13 silly cloneCurrentTree Finishing
14 silly loadShrinkwrap Starting
15 silly install loadShrinkwrap
16 silly loadShrinkwrap Finishing
17 silly loadAllDepsIntoIdealTree Starting
18 silly install loadAllDepsIntoIdealTree
19 silly fetchNamedPackageData gulp-concat
20 silly mapToRegistry name gulp-concat
21 silly mapToRegistry using default registry
22 silly mapToRegistry registry http://nexus.eventops.io:8081/content/repositories/npm-all/
23 silly mapToRegistry data Result {
23 silly mapToRegistry   raw: 'gulp-concat',
23 silly mapToRegistry   scope: null,
23 silly mapToRegistry   escapedName: 'gulp-concat',
23 silly mapToRegistry   name: 'gulp-concat',
23 silly mapToRegistry   rawSpec: '',
23 silly mapToRegistry   spec: 'latest',
23 silly mapToRegistry   type: 'tag' }
24 silly mapToRegistry uri http://nexus.eventops.io:8081/content/repositories/npm-all/gulp-concat
25 verbose request uri http://nexus.eventops.io:8081/content/repositories/npm-all/gulp-concat
26 verbose request always-auth set; sending authorization
27 info attempt registry request try #1 at 1:23:26 PM
28 verbose request id 27642e00c10e41e8
29 http request GET http://nexus.eventops.io:8081/content/repositories/npm-all/gulp-concat
30 info retry will retry, error on last attempt: Error: getaddrinfo ENOTFOUND nexus.eventops.io nexus.eventops.io:8081
31 info attempt registry request try #2 at 1:23:36 PM
32 http request GET http://nexus.eventops.io:8081/content/repositories/npm-all/gulp-concat
33 info retry will retry, error on last attempt: Error: getaddrinfo ENOTFOUND nexus.eventops.io nexus.eventops.io:8081
34 info attempt registry request try #3 at 1:24:36 PM
35 http request GET http://nexus.eventops.io:8081/content/repositories/npm-all/gulp-concat
36 silly fetchPackageMetaData Error: getaddrinfo ENOTFOUND nexus.eventops.io nexus.eventops.io:8081
36 silly fetchPackageMetaData     at errnoException (dns.js:28:10)
36 silly fetchPackageMetaData     at GetAddrInfoReqWrap.onlookup [as oncomplete] (dns.js:76:26)
36 silly fetchPackageMetaData  error for gulp-concat@^2.6.0 { Error: getaddrinfo ENOTFOUND nexus.eventops.io nexus.eventops.io:8081
36 silly fetchPackageMetaData     at errnoException (dns.js:28:10)
36 silly fetchPackageMetaData     at GetAddrInfoReqWrap.onlookup [as oncomplete] (dns.js:76:26)
36 silly fetchPackageMetaData   code: 'ENOTFOUND',
36 silly fetchPackageMetaData   errno: 'ENOTFOUND',
36 silly fetchPackageMetaData   syscall: 'getaddrinfo',
36 silly fetchPackageMetaData   hostname: 'nexus.eventops.io',
36 silly fetchPackageMetaData   host: 'nexus.eventops.io',
36 silly fetchPackageMetaData   port: '8081' }
37 silly rollbackFailedOptional Starting
38 silly rollbackFailedOptional Finishing
39 silly runTopLevelLifecycles Finishing
40 silly install printInstalled
41 verbose stack Error: getaddrinfo ENOTFOUND nexus.eventops.io nexus.eventops.io:8081
41 verbose stack     at errnoException (dns.js:28:10)
41 verbose stack     at GetAddrInfoReqWrap.onlookup [as oncomplete] (dns.js:76:26)
42 verbose cwd /Users/e191767/Documents/joedalton
43 error Darwin 15.6.0
44 error argv "/Users/e191767/.nvm/versions/node/v7.0.0/bin/node" "/Users/e191767/.nvm/versions/node/v7.0.0/bin/npm" "i"
45 error node v7.0.0
46 error npm  v3.10.8
47 error code ENOTFOUND
48 error errno ENOTFOUND
49 error syscall getaddrinfo
50 error network getaddrinfo ENOTFOUND nexus.eventops.io nexus.eventops.io:8081
51 error network This is most likely not a problem with npm itself
51 error network and is related to network connectivity.
51 error network In most cases you are behind a proxy or have bad network settings.
51 error network
51 error network If you are behind a proxy, please make sure that the
51 error network 'proxy' config is set properly.  See: 'npm help config'
52 verbose exit [ 1, true ]
